<?xml version="1.0" encoding="UTF-8"?>
<testng-results ignored="0" total="1" passed="1" failed="0" skipped="0">
  <reporter-output>
  </reporter-output>
  <suite started-at="2023-04-11T00:40:24Z" name="Default suite" finished-at="2023-04-11T00:40:44Z" duration-ms="19261">
    <groups>
    </groups>
    <test started-at="2023-04-11T00:40:24Z" name="Default test" finished-at="2023-04-11T00:40:44Z" duration-ms="19261">
      <class name="FAC.FACWORK.keytrak">
        <test-method is-config="true" signature="beforeMethod1()[pri:0, instance:FAC.FACWORK.keytrak@225129c]" started-at="2023-04-11T00:40:24Z" name="beforeMethod1" finished-at="2023-04-11T00:40:28Z" duration-ms="3385" status="PASS">
          <reporter-output>
          </reporter-output>
        </test-method> <!-- beforeMethod1 -->
        <test-method signature="f1()[pri:0, instance:FAC.FACWORK.keytrak@225129c]" started-at="2023-04-11T00:40:28Z" name="f1" finished-at="2023-04-11T00:40:43Z" duration-ms="15683" status="PASS">
          <reporter-output>
          </reporter-output>
        </test-method> <!-- f1 -->
        <test-method is-config="true" signature="afterMethod()[pri:0, instance:FAC.FACWORK.keytrak@225129c]" started-at="2023-04-11T00:40:43Z" name="afterMethod" finished-at="2023-04-11T00:40:44Z" duration-ms="166" status="PASS">
          <reporter-output>
          </reporter-output>
        </test-method> <!-- afterMethod -->
      </class> <!-- FAC.FACWORK.keytrak -->
    </test> <!-- Default test -->
  </suite> <!-- Default suite -->
</testng-results>
